Arguments: 
  /home/user/.nvm/versions/node/v14.13.0/bin/node /mnt/c/Program Files (x86)/Yarn/bin/yarn.js

PATH: 
  /home/user/.nix-profile/bin:/home/user/.local/bin:/home/user/gems/bin:/home/user/.bun/bin:/home/user/.cargo/bin:/home/user/go/bin:/usr/local/go/bin:/home/user/.nvm/versions/node/v14.13.0/bin:/usr/local/sbin:/usr/local/bin:/usr/sbin:/usr/bin:/sbin:/bin:/usr/games:/usr/local/games:/usr/lib/wsl/lib:/mnt/c/Python310/Scripts/:/mnt/c/Python310/:/mnt/c/Program Files (x86)/Common Files/Oracle/Java/javapath:/mnt/c/Program Files/NVIDIA GPU Computing Toolkit/CUDA/v11.0/bin:/mnt/c/Program Files/NVIDIA GPU Computing Toolkit/CUDA/v11.0/libnvvp:/mnt/c/Windows/System32:/mnt/c/Windows:/mnt/c/Windows/System32/wbem:/mnt/c/Windows/System32/WindowsPowerShell/v1.0/:/mnt/c/Windows/System32/OpenSSH/:/mnt/c/ProgramData/chocolatey/bin:/mnt/c/Program Files/Microsoft VS Code/bin:/mnt/c/Program Files/JetBrains/CLion 2018.3.1/bin/cmake/win/bin:/mnt/d/Strawberry/c/bin:/mnt/d/Strawberry/perl/site/bin:/mnt/d/Strawberry/perl/bin:/mnt/d/tools/CMake/bin:/mnt/c/ProgramData/nvm:/mnt/c/Program Files/nodejs:/mnt/c/Program Files (x86)/Yarn/bin/:/mnt/c/Program Files (x86)/GnuPG/bin:/mnt/c/Program Files/dotnet/:/mnt/c/Program Files/NVIDIA Corporation/Nsight Compute 2020.1.0/:/mnt/c/Program Files/Docker/Docker/resources/bin:/mnt/c/ProgramData/DockerDesktop/version-bin:/mnt/c/Program Files/nodejs/:/mnt/c/Program Files (x86)/Microsoft SQL Server/Client SDK/ODBC/110/Tools/Binn/:/mnt/c/Program Files (x86)/Microsoft SQL Server/120/Tools/Binn/:/mnt/c/Program Files (x86)/Microsoft SQL Server/120/DTS/Binn/:/mnt/c/Program Files/Git/cmd:/mnt/e/Go/bin:/mnt/c/Users/Kevin/bin:/mnt/c/Program Files/Docker/Docker/Resources/bin:/mnt/c/WINDOWS/system32:/mnt/c/WINDOWS:/mnt/c/WINDOWS/System32/Wbem:/mnt/c/WINDOWS/System32/WindowsPowerShell/v1.0/:/mnt/c/Program Files (x86)/GNU/GnuPG/pub:/mnt/c/WINDOWS/System32/OpenSSH/:/mnt/c/ProgramData/chocolatey/bin:/mnt/c/Program Files/nodejs/:/mnt/c/Program Files/Git/cmd:/mnt/c/Program Files/Microsoft VS Code/bin:/mnt/c/tools/go/bin:/mnt/c/ProgramData/chocolatey/lib/mingw/tools/install/mingw64/bin:/mnt/c/Users/Kevin/AppData/Local/Microsoft/WindowsApps:/mnt/c/tools/cygwin/bin:/mnt/c/Users/Kevin/AppData/Local/.meteor:/mnt/c/Program Files (x86)/NSIS:/mnt/c/Users/Kevin/AppData/Local/Yarn/bin:/mnt/c/Users/Public/env_windows_amd64:/mnt/c/Users/Public/env_windows_amd64_Tools/mingw730_64/bin:/mnt/e/php7.2:/mnt/c/Users/Kevin/AppData/Roaming/npm:/mnt/c/Users/Kevin/.dotnet/tools:/mnt/c/tools/dart-sdk/bin:/mnt/c/Users/Kevin/AppData/Local/Pub/Cache/bin:/mnt/e/flutter/bin:/mnt/c/Users/Kevin/go/bin:/home/user/identity/node_modules/.bin:/usr/local/go/bin:/snap/bin:/home/user/android-sdk/cmdline-tools/bin:/home/user/android-sdk/platform-tools:/home/user/.foundry/bin:/home/user/.pub-cache/bin

Yarn version: 
  1.22.4

Node version: 
  14.13.0

Platform: 
  linux x64

Trace: 
  Error: https://registry.yarnpkg.com/@planq-network%2fidentity: Not found
      at Request.params.callback [as _callback] (/mnt/c/Program Files (x86)/Yarn/lib/cli.js:66096:18)
      at Request.self.callback (/mnt/c/Program Files (x86)/Yarn/lib/cli.js:140748:22)
      at Request.emit (events.js:314:20)
      at Request.<anonymous> (/mnt/c/Program Files (x86)/Yarn/lib/cli.js:141720:10)
      at Request.emit (events.js:314:20)
      at IncomingMessage.<anonymous> (/mnt/c/Program Files (x86)/Yarn/lib/cli.js:141642:12)
      at Object.onceWrapper (events.js:420:28)
      at IncomingMessage.emit (events.js:326:22)
      at endReadableNT (_stream_readable.js:1252:12)
      at processTicksAndRejections (internal/process/task_queues.js:80:21)

npm manifest: 
  {
    "name": "@planq-network/base",
    "version": "4.1.0",
    "description": "Planq base common utils, no dependencies",
    "author": "Planq",
    "license": "Apache-2.0",
    "main": "./lib/index.js",
    "types": "./lib/index.d.ts",
    "sideEffects": false,
    "homepage": "https://planq-sdk-docs.readthedocs.io/en/latest/base",
    "repository": "https://github.com/planq-network/planq-sdk/tree/master/packages/sdk/base",
    "scripts": {
      "prepublishOnly": "yarn build",
      "build": "tsc -b .",
      "clean": "tsc -b . --clean",
      "docs": "typedoc",
      "test": "jest --runInBand --ci",
      "test:verbose": "jest --verbose",
      "lint": "tslint -c tslint.json --project ."
    },
    "files": [
      "lib/**/*"
    ],
    "dependencies": {},
    "devDependencies": {
      "@planq-network/typescript": "0.0.1",
      "bignumber.js": "^9.0.0",
      "elliptic": "^6.5.4",
      "web3-utils": "1.10.0"
    }
  }

yarn manifest: 
  No manifest

Lockfile: 
  No lockfile
